 ⚠ Port 3000 is in use, trying 3001 instead.
 ⚠ Port 3001 is in use, trying 3002 instead.
 ⨯ Error: Cannot find module 'C:\Users\HP\Desktop\avp-calculator\.next\server\pages\_document.js'
Require stack:
- C:\Users\HP\Desktop\avp-calculator\node_modules\next\dist\server\require.js
- C:\Users\HP\Desktop\avp-calculator\node_modules\next\dist\server\load-components.js
- C:\Users\HP\Desktop\avp-calculator\node_modules\next\dist\build\utils.js
- C:\Users\HP\Desktop\avp-calculator\node_modules\next\dist\server\dev\hot-middleware.js
- C:\Users\HP\Desktop\avp-calculator\node_modules\next\dist\server\dev\hot-reloader-webpack.js
- C:\Users\HP\Desktop\avp-calculator\node_modules\next\dist\server\lib\router-utils\setup-dev-bundler.js
- C:\Users\HP\Desktop\avp-calculator\node_modules\next\dist\server\lib\router-server.js
- C:\Users\HP\Desktop\avp-calculator\node_modules\next\dist\server\lib\start-server.js
    at Module.<anonymous> (node:internal/modules/cjs/loader:1456:15)
    at C:\Users\HP\Desktop\avp-calculator\node_modules\next\dist\server\require-hook.js:55:36
    at defaultResolveImpl (node:internal/modules/cjs/loader:1066:19)
    at resolveForCJSWithHooks (node:internal/modules/cjs/loader:1071:22)
    at Module._load (node:internal/modules/cjs/loader:1242:25)
    at wrapModuleLoad (node:internal/modules/cjs/loader:255:19)
    at Module.<anonymous> (node:internal/modules/cjs/loader:1556:12)
    at mod.require (C:\Users\HP\Desktop\avp-calculator\node_modules\next\dist\server\require-hook.js:65:28)
    at require (node:internal/modules/helpers:152:16)
    at requirePage (C:\Users\HP\Desktop\avp-calculator\node_modules\next\dist\server\require.js:109:84)
    at C:\Users\HP\Desktop\avp-calculator\node_modules\next\dist\server\load-components.js:72:65
    at async Promise.all (index 0)
    at async loadComponentsImpl (C:\Users\HP\Desktop\avp-calculator\node_modules\next\dist\server\load-components.js:71:33)
    at async DevServer.findPageComponentsImpl (C:\Users\HP\Desktop\avp-calculator\node_modules\next\dist\server\next-server.js:714:36) {
  code: 'MODULE_NOT_FOUND',
  requireStack: [
    'C:\\Users\\HP\\Desktop\\avp-calculator\\node_modules\\next\\dist\\server\\require.js',
    'C:\\Users\\HP\\Desktop\\avp-calculator\\node_modules\\next\\dist\\server\\load-components.js',
    'C:\\Users\\HP\\Desktop\\avp-calculator\\node_modules\\next\\dist\\build\\utils.js',
    'C:\\Users\\HP\\Desktop\\avp-calculator\\node_modules\\next\\dist\\server\\dev\\hot-middleware.js',
    'C:\\Users\\HP\\Desktop\\avp-calculator\\node_modules\\next\\dist\\server\\dev\\hot-reloader-webpack.js',
    'C:\\Users\\HP\\Desktop\\avp-calculator\\node_modules\\next\\dist\\server\\lib\\router-utils\\setup-dev-bundler.js',
    'C:\\Users\\HP\\Desktop\\avp-calculator\\node_modules\\next\\dist\\server\\lib\\router-server.js',
    'C:\\Users\\HP\\Desktop\\avp-calculator\\node_modules\\next\\dist\\server\\lib\\start-server.js'
  ]
}
<w> [webpack.cache.PackFileCacheStrategy] Caching failed for pack: Error: ENOENT: no such file or directory, rename 'C:\Users\HP\Desktop\avp-calculator\.next\cache\webpack\server-development\8.pack.gz_' -> 'C:\Users\HP\Desktop\avp-calculator\.next\cache\webpack\server-development\8.pack.gz'
